<?xml version="1.0" encoding="UTF-8"?>
<testng-results skipped="0" failed="0" ignored="0" total="2" passed="2">
  <reporter-output>
  </reporter-output>
  <suite name="Default suite" duration-ms="59414" started-at="2019-10-04T01:15:17Z" finished-at="2019-10-04T01:16:16Z">
    <groups>
    </groups>
    <test name="Default test" duration-ms="59414" started-at="2019-10-04T01:15:17Z" finished-at="2019-10-04T01:16:16Z">
      <class name="com.learn.SeleniumTest.TestLoginPage">
        <test-method status="PASS" signature="setUp()[pri:0, instance:com.learn.SeleniumTest.TestLoginPage@675d3402]" name="setUp" is-config="true" duration-ms="10720" started-at="2019-10-04T08:15:17Z" finished-at="2019-10-04T08:15:27Z">
          <reporter-output>
          </reporter-output>
        </test-method> <!-- setUp -->
        <test-method status="PASS" signature="LoginFail()[pri:1, instance:com.learn.SeleniumTest.TestLoginPage@675d3402]" name="LoginFail" duration-ms="16915" started-at="2019-10-04T08:15:27Z" finished-at="2019-10-04T08:15:44Z">
          <reporter-output>
          </reporter-output>
        </test-method> <!-- LoginFail -->
        <test-method status="PASS" signature="tearDown()[pri:0, instance:com.learn.SeleniumTest.TestLoginPage@675d3402]" name="tearDown" is-config="true" duration-ms="775" started-at="2019-10-04T08:15:44Z" finished-at="2019-10-04T08:15:45Z">
          <reporter-output>
          </reporter-output>
        </test-method> <!-- tearDown -->
        <test-method status="PASS" signature="setUp()[pri:0, instance:com.learn.SeleniumTest.TestLoginPage@675d3402]" name="setUp" is-config="true" duration-ms="10324" started-at="2019-10-04T08:15:45Z" finished-at="2019-10-04T08:15:55Z">
          <reporter-output>
          </reporter-output>
        </test-method> <!-- setUp -->
        <test-method status="PASS" signature="Login()[pri:2, instance:com.learn.SeleniumTest.TestLoginPage@675d3402]" name="Login" duration-ms="19988" started-at="2019-10-04T08:15:55Z" finished-at="2019-10-04T08:16:15Z">
          <reporter-output>
          </reporter-output>
        </test-method> <!-- Login -->
        <test-method status="PASS" signature="tearDown()[pri:0, instance:com.learn.SeleniumTest.TestLoginPage@675d3402]" name="tearDown" is-config="true" duration-ms="660" started-at="2019-10-04T08:16:15Z" finished-at="2019-10-04T08:16:16Z">
          <reporter-output>
          </reporter-output>
        </test-method> <!-- tearDown -->
      </class> <!-- com.learn.SeleniumTest.TestLoginPage -->
    </test> <!-- Default test -->
  </suite> <!-- Default suite -->
</testng-results>
